Flow report for main
Fri Nov 22 04:22:52 2024
Quartus Prime Version 20.1.1 Build 720 11/11/2020 SJ Lite Edition


---------------------
; Table of Contents ;
---------------------
  1. Legal Notice
  2. Flow Summary
  3. Flow Settings
  4. Flow Non-Default Global Settings
  5. Flow Elapsed Time
  6. Flow OS Summary
  7. Flow Log
  8. Flow Messages
  9. Flow Suppressed Messages



----------------
; Legal Notice ;
----------------
Copyright (C) 2020  Intel Corporation. All rights reserved.
Your use of Intel Corporation's design tools, logic functions 
and other software and tools, and any partner logic 
functions, and any output files from any of the foregoing 
(including device programming or simulation files), and any 
associated documentation or information are expressly subject 
to the terms and conditions of the Intel Program License 
Subscription Agreement, the Intel Quartus Prime License Agreement,
the Intel FPGA IP License Agreement, or other applicable license
agreement, including, without limitation, that your use is for
the sole purpose of programming logic devices manufactured by
Intel and sold by Intel or its authorized distributors.  Please
refer to the applicable agreement for further details, at
https://fpgasoftware.intel.com/eula.



+-------------------------------------------------------------------------------+
; Flow Summary                                                                  ;
+---------------------------------+---------------------------------------------+
; Flow Status                     ; Successful - Fri Nov 22 04:22:52 2024       ;
; Quartus Prime Version           ; 20.1.1 Build 720 11/11/2020 SJ Lite Edition ;
; Revision Name                   ; main                                        ;
; Top-level Entity Name           ; main                                        ;
; Family                          ; Cyclone V                                   ;
; Device                          ; 5CSXFC6D6F31C6                              ;
; Timing Models                   ; Final                                       ;
; Logic utilization (in ALMs)     ; 1,885 / 41,910 ( 4 % )                      ;
; Total registers                 ; 831                                         ;
; Total pins                      ; 42 / 499 ( 8 % )                            ;
; Total virtual pins              ; 0                                           ;
; Total block memory bits         ; 3,812,864 / 5,662,720 ( 67 % )              ;
; Total DSP Blocks                ; 4 / 112 ( 4 % )                             ;
; Total HSSI RX PCSs              ; 0 / 9 ( 0 % )                               ;
; Total HSSI PMA RX Deserializers ; 0 / 9 ( 0 % )                               ;
; Total HSSI TX PCSs              ; 0 / 9 ( 0 % )                               ;
; Total HSSI PMA TX Serializers   ; 0 / 9 ( 0 % )                               ;
; Total PLLs                      ; 0 / 15 ( 0 % )                              ;
; Total DLLs                      ; 0 / 4 ( 0 % )                               ;
+---------------------------------+---------------------------------------------+


+-----------------------------------------+
; Flow Settings                           ;
+-------------------+---------------------+
; Option            ; Setting             ;
+-------------------+---------------------+
; Start date & time ; 11/22/2024 04:15:54 ;
; Main task         ; Compilation         ;
; Revision Name     ; main                ;
+-------------------+---------------------+


+-------------------------------------------------------------------------------------------------------------------------------------------------+
; Flow Non-Default Global Settings                                                                                                                ;
+--------------------------------------+----------------------------------------+---------------+-------------+-----------------------------------+
; Assignment Name                      ; Value                                  ; Default Value ; Entity Name ; Section Id                        ;
+--------------------------------------+----------------------------------------+---------------+-------------+-----------------------------------+
; COMPILER_SIGNATURE_ID                ; 5334173909652.173227055407840          ; --            ; --          ; --                                ;
; EDA_DESIGN_INSTANCE_NAME             ; NA                                     ; --            ; --          ; test_alu                          ;
; EDA_DESIGN_INSTANCE_NAME             ; NA                                     ; --            ; --          ; arm_tb                            ;
; EDA_DESIGN_INSTANCE_NAME             ; NA                                     ; --            ; --          ; imem_tb                           ;
; EDA_DESIGN_INSTANCE_NAME             ; NA                                     ; --            ; --          ; vga_tb                            ;
; EDA_DESIGN_INSTANCE_NAME             ; NA                                     ; --            ; --          ; main_tb                           ;
; EDA_GENERATE_FUNCTIONAL_NETLIST      ; Off                                    ; --            ; --          ; eda_board_design_timing           ;
; EDA_GENERATE_FUNCTIONAL_NETLIST      ; Off                                    ; --            ; --          ; eda_board_design_boundary_scan    ;
; EDA_GENERATE_FUNCTIONAL_NETLIST      ; Off                                    ; --            ; --          ; eda_board_design_signal_integrity ;
; EDA_GENERATE_FUNCTIONAL_NETLIST      ; Off                                    ; --            ; --          ; eda_board_design_symbol           ;
; EDA_NATIVELINK_SIMULATION_TEST_BENCH ; arm_tb                                 ; --            ; --          ; eda_simulation                    ;
; EDA_OUTPUT_DATA_FORMAT               ; Systemverilog Hdl                      ; --            ; --          ; eda_simulation                    ;
; EDA_SIMULATION_TOOL                  ; ModelSim-Altera (SystemVerilog)        ; <None>        ; --          ; --                                ;
; EDA_TEST_BENCH_ENABLE_STATUS         ; TEST_BENCH_MODE                        ; --            ; --          ; eda_simulation                    ;
; EDA_TEST_BENCH_FILE                  ; test_alu.sv                            ; --            ; --          ; test_alu                          ;
; EDA_TEST_BENCH_FILE                  ; arm_tb.sv                              ; --            ; --          ; arm_tb                            ;
; EDA_TEST_BENCH_FILE                  ; imem_tb.sv                             ; --            ; --          ; imem_tb                           ;
; EDA_TEST_BENCH_FILE                  ; vga_tb.sv                              ; --            ; --          ; vga_tb                            ;
; EDA_TEST_BENCH_FILE                  ; main_tb.sv                             ; --            ; --          ; main_tb                           ;
; EDA_TEST_BENCH_MODULE_NAME           ; test_alu                               ; --            ; --          ; test_alu                          ;
; EDA_TEST_BENCH_MODULE_NAME           ; arm_tb                                 ; --            ; --          ; arm_tb                            ;
; EDA_TEST_BENCH_MODULE_NAME           ; imem_tb                                ; --            ; --          ; imem_tb                           ;
; EDA_TEST_BENCH_MODULE_NAME           ; vga_tb                                 ; --            ; --          ; vga_tb                            ;
; EDA_TEST_BENCH_MODULE_NAME           ; main_tb                                ; --            ; --          ; main_tb                           ;
; EDA_TEST_BENCH_NAME                  ; arm_tb                                 ; --            ; --          ; eda_simulation                    ;
; EDA_TEST_BENCH_NAME                  ; main_tb                                ; --            ; --          ; eda_simulation                    ;
; EDA_TEST_BENCH_NAME                  ; imem_tb                                ; --            ; --          ; eda_simulation                    ;
; EDA_TEST_BENCH_NAME                  ; vga_tb                                 ; --            ; --          ; eda_simulation                    ;
; EDA_TEST_BENCH_NAME                  ; test_alu                               ; --            ; --          ; eda_simulation                    ;
; EDA_TEST_BENCH_RUN_SIM_FOR           ; 100 ns                                 ; --            ; --          ; arm_tb                            ;
; EDA_TEST_BENCH_RUN_SIM_FOR           ; 100 ns                                 ; --            ; --          ; imem_tb                           ;
; EDA_TEST_BENCH_RUN_SIM_FOR           ; 100 ns                                 ; --            ; --          ; vga_tb                            ;
; EDA_TEST_BENCH_RUN_SIM_FOR           ; 25 ms                                  ; --            ; --          ; main_tb                           ;
; EDA_TIME_SCALE                       ; 1 ps                                   ; --            ; --          ; eda_simulation                    ;
; MAX_CORE_JUNCTION_TEMP               ; 85                                     ; --            ; --          ; --                                ;
; MIN_CORE_JUNCTION_TEMP               ; 0                                      ; --            ; --          ; --                                ;
; PARTITION_COLOR                      ; -- (Not supported for targeted family) ; --            ; --          ; Top                               ;
; PARTITION_FITTER_PRESERVATION_LEVEL  ; -- (Not supported for targeted family) ; --            ; --          ; Top                               ;
; PARTITION_NETLIST_TYPE               ; -- (Not supported for targeted family) ; --            ; --          ; Top                               ;
; POWER_BOARD_THERMAL_MODEL            ; None (CONSERVATIVE)                    ; --            ; --          ; --                                ;
; POWER_PRESET_COOLING_SOLUTION        ; 23 MM HEAT SINK WITH 200 LFPM AIRFLOW  ; --            ; --          ; --                                ;
; PROJECT_OUTPUT_DIRECTORY             ; output_files                           ; --            ; --          ; --                                ;
+--------------------------------------+----------------------------------------+---------------+-------------+-----------------------------------+


+--------------------------------------------------------------------------------------------------------------------------+
; Flow Elapsed Time                                                                                                        ;
+----------------------+--------------+-------------------------+---------------------+------------------------------------+
; Module Name          ; Elapsed Time ; Average Processors Used ; Peak Virtual Memory ; Total CPU Time (on all processors) ;
+----------------------+--------------+-------------------------+---------------------+------------------------------------+
; Analysis & Synthesis ; 00:00:16     ; 1.0                     ; 4905 MB             ; 00:00:24                           ;
; Fitter               ; 00:05:05     ; 1.6                     ; 6702 MB             ; 00:11:51                           ;
; Assembler            ; 00:00:10     ; 1.0                     ; 4928 MB             ; 00:00:10                           ;
; Timing Analyzer      ; 00:01:19     ; 3.4                     ; 5827 MB             ; 00:01:58                           ;
; EDA Netlist Writer   ; 00:00:02     ; 1.0                     ; 4792 MB             ; 00:00:02                           ;
; Total                ; 00:06:52     ; --                      ; --                  ; 00:14:25                           ;
+----------------------+--------------+-------------------------+---------------------+------------------------------------+


+------------------------------------------------------------------------------------+
; Flow OS Summary                                                                    ;
+----------------------+------------------+------------+------------+----------------+
; Module Name          ; Machine Hostname ; OS Name    ; OS Version ; Processor type ;
+----------------------+------------------+------------+------------+----------------+
; Analysis & Synthesis ; DESKTOP-6C9HQ2U  ; Windows 10 ; 10.0       ; x86_64         ;
; Fitter               ; DESKTOP-6C9HQ2U  ; Windows 10 ; 10.0       ; x86_64         ;
; Assembler            ; DESKTOP-6C9HQ2U  ; Windows 10 ; 10.0       ; x86_64         ;
; Timing Analyzer      ; DESKTOP-6C9HQ2U  ; Windows 10 ; 10.0       ; x86_64         ;
; EDA Netlist Writer   ; DESKTOP-6C9HQ2U  ; Windows 10 ; 10.0       ; x86_64         ;
+----------------------+------------------+------------+------------+----------------+


------------
; Flow Log ;
------------
quartus_map --read_settings_files=on --write_settings_files=off proyecto -c main
quartus_fit --read_settings_files=off --write_settings_files=off proyecto -c main
quartus_asm --read_settings_files=off --write_settings_files=off proyecto -c main
quartus_sta proyecto -c main
quartus_eda --read_settings_files=off --write_settings_files=off proyecto -c main



