Analysis & Elaboration report for EtapasProcesador
Thu Nov 07 00:15:39 2024
Quartus Prime Version 20.1.1 Build 720 11/11/2020 SJ Lite Edition


---------------------
; Table of Contents ;
---------------------
  1. Legal Notice
  2. Analysis & Elaboration Summary
  3. Parallel Compilation
  4. Parameter Settings for User Entity Instance: arm:arm|controller:c|condlogic:cl|flopenr:flagreg1
  5. Parameter Settings for User Entity Instance: arm:arm|controller:c|condlogic:cl|flopenr:flagreg0
  6. Parameter Settings for User Entity Instance: arm:arm|datapath:dp|mux2:pcmux
  7. Parameter Settings for User Entity Instance: arm:arm|datapath:dp|flopr:pcreg
  8. Parameter Settings for User Entity Instance: arm:arm|datapath:dp|adder:pcadd1
  9. Parameter Settings for User Entity Instance: arm:arm|datapath:dp|adder:pcadd2
 10. Parameter Settings for User Entity Instance: arm:arm|datapath:dp|mux2:ra1mux
 11. Parameter Settings for User Entity Instance: arm:arm|datapath:dp|mux2:ra2mux
 12. Parameter Settings for User Entity Instance: arm:arm|datapath:dp|mux2:resmux
 13. Parameter Settings for User Entity Instance: arm:arm|datapath:dp|mux2:srcbmux
 14. Parameter Settings for User Entity Instance: arm:arm|datapath:dp|alu:alu
 15. Analysis & Elaboration Settings
 16. Port Connectivity Checks: "arm:arm|datapath:dp|alu:alu"
 17. Port Connectivity Checks: "arm:arm|datapath:dp|mux2:srcbmux"
 18. Port Connectivity Checks: "arm:arm|datapath:dp|regfile:rf"
 19. Port Connectivity Checks: "arm:arm|datapath:dp|mux2:ra1mux"
 20. Port Connectivity Checks: "arm:arm|datapath:dp|adder:pcadd2"
 21. Port Connectivity Checks: "arm:arm|datapath:dp|adder:pcadd1"
 22. Analysis & Elaboration Messages
 23. Analysis & Elaboration Suppressed Messages



----------------
; Legal Notice ;
----------------
Copyright (C) 2020  Intel Corporation. All rights reserved.
Your use of Intel Corporation's design tools, logic functions 
and other software and tools, and any partner logic 
functions, and any output files from any of the foregoing 
(including device programming or simulation files), and any 
associated documentation or information are expressly subject 
to the terms and conditions of the Intel Program License 
Subscription Agreement, the Intel Quartus Prime License Agreement,
the Intel FPGA IP License Agreement, or other applicable license
agreement, including, without limitation, that your use is for
the sole purpose of programming logic devices manufactured by
Intel and sold by Intel or its authorized distributors.  Please
refer to the applicable agreement for further details, at
https://fpgasoftware.intel.com/eula.



+-----------------------------------------------------------------------------+
; Analysis & Elaboration Summary                                              ;
+-------------------------------+---------------------------------------------+
; Analysis & Elaboration Status ; Successful - Thu Nov 07 00:15:39 2024       ;
; Quartus Prime Version         ; 20.1.1 Build 720 11/11/2020 SJ Lite Edition ;
; Revision Name                 ; EtapasProcesador                            ;
; Top-level Entity Name         ; top                                         ;
; Family                        ; Cyclone V                                   ;
; Logic utilization (in ALMs)   ; N/A until Partition Merge                   ;
; Total registers               ; N/A until Partition Merge                   ;
; Total pins                    ; N/A until Partition Merge                   ;
; Total virtual pins            ; N/A until Partition Merge                   ;
; Total block memory bits       ; N/A until Partition Merge                   ;
; Total PLLs                    ; N/A until Partition Merge                   ;
; Total DLLs                    ; N/A until Partition Merge                   ;
+-------------------------------+---------------------------------------------+


+------------------------------------------+
; Parallel Compilation                     ;
+----------------------------+-------------+
; Processors                 ; Number      ;
+----------------------------+-------------+
; Number detected on machine ; 4           ;
; Maximum allowed            ; 4           ;
;                            ;             ;
; Average used               ; 1.00        ;
; Maximum used               ; 1           ;
;                            ;             ;
; Usage by Processor         ; % Time Used ;
;     Processor 1            ; 100.0%      ;
+----------------------------+-------------+


+-------------------------------------------------------------------------------------------------+
; Parameter Settings for User Entity Instance: arm:arm|controller:c|condlogic:cl|flopenr:flagreg1 ;
+----------------+-------+------------------------------------------------------------------------+
; Parameter Name ; Value ; Type                                                                   ;
+----------------+-------+------------------------------------------------------------------------+
; WIDTH          ; 2     ; Signed Integer                                                         ;
+----------------+-------+------------------------------------------------------------------------+
Note: In order to hide this table in the UI and the text report file, please set the "Show Parameter Settings in Synthesis Report" option in "Analysis and Synthesis Settings -> More Settings" to "Off".


+-------------------------------------------------------------------------------------------------+
; Parameter Settings for User Entity Instance: arm:arm|controller:c|condlogic:cl|flopenr:flagreg0 ;
+----------------+-------+------------------------------------------------------------------------+
; Parameter Name ; Value ; Type                                                                   ;
+----------------+-------+------------------------------------------------------------------------+
; WIDTH          ; 2     ; Signed Integer                                                         ;
+----------------+-------+------------------------------------------------------------------------+
Note: In order to hide this table in the UI and the text report file, please set the "Show Parameter Settings in Synthesis Report" option in "Analysis and Synthesis Settings -> More Settings" to "Off".


+-----------------------------------------------------------------------------+
; Parameter Settings for User Entity Instance: arm:arm|datapath:dp|mux2:pcmux ;
+----------------+-------+----------------------------------------------------+
; Parameter Name ; Value ; Type                                               ;
+----------------+-------+----------------------------------------------------+
; WIDTH          ; 32    ; Signed Integer                                     ;
+----------------+-------+----------------------------------------------------+
Note: In order to hide this table in the UI and the text report file, please set the "Show Parameter Settings in Synthesis Report" option in "Analysis and Synthesis Settings -> More Settings" to "Off".


+------------------------------------------------------------------------------+
; Parameter Settings for User Entity Instance: arm:arm|datapath:dp|flopr:pcreg ;
+----------------+-------+-----------------------------------------------------+
; Parameter Name ; Value ; Type                                                ;
+----------------+-------+-----------------------------------------------------+
; WIDTH          ; 32    ; Signed Integer                                      ;
+----------------+-------+-----------------------------------------------------+
Note: In order to hide this table in the UI and the text report file, please set the "Show Parameter Settings in Synthesis Report" option in "Analysis and Synthesis Settings -> More Settings" to "Off".


+-------------------------------------------------------------------------------+
; Parameter Settings for User Entity Instance: arm:arm|datapath:dp|adder:pcadd1 ;
+----------------+-------+------------------------------------------------------+
; Parameter Name ; Value ; Type                                                 ;
+----------------+-------+------------------------------------------------------+
; WIDTH          ; 32    ; Signed Integer                                       ;
+----------------+-------+------------------------------------------------------+
Note: In order to hide this table in the UI and the text report file, please set the "Show Parameter Settings in Synthesis Report" option in "Analysis and Synthesis Settings -> More Settings" to "Off".


+-------------------------------------------------------------------------------+
; Parameter Settings for User Entity Instance: arm:arm|datapath:dp|adder:pcadd2 ;
+----------------+-------+------------------------------------------------------+
; Parameter Name ; Value ; Type                                                 ;
+----------------+-------+------------------------------------------------------+
; WIDTH          ; 32    ; Signed Integer                                       ;
+----------------+-------+------------------------------------------------------+
Note: In order to hide this table in the UI and the text report file, please set the "Show Parameter Settings in Synthesis Report" option in "Analysis and Synthesis Settings -> More Settings" to "Off".


+------------------------------------------------------------------------------+
; Parameter Settings for User Entity Instance: arm:arm|datapath:dp|mux2:ra1mux ;
+----------------+-------+-----------------------------------------------------+
; Parameter Name ; Value ; Type                                                ;
+----------------+-------+-----------------------------------------------------+
; WIDTH          ; 4     ; Signed Integer                                      ;
+----------------+-------+-----------------------------------------------------+
Note: In order to hide this table in the UI and the text report file, please set the "Show Parameter Settings in Synthesis Report" option in "Analysis and Synthesis Settings -> More Settings" to "Off".


+------------------------------------------------------------------------------+
; Parameter Settings for User Entity Instance: arm:arm|datapath:dp|mux2:ra2mux ;
+----------------+-------+-----------------------------------------------------+
; Parameter Name ; Value ; Type                                                ;
+----------------+-------+-----------------------------------------------------+
; WIDTH          ; 4     ; Signed Integer                                      ;
+----------------+-------+-----------------------------------------------------+
Note: In order to hide this table in the UI and the text report file, please set the "Show Parameter Settings in Synthesis Report" option in "Analysis and Synthesis Settings -> More Settings" to "Off".


+------------------------------------------------------------------------------+
; Parameter Settings for User Entity Instance: arm:arm|datapath:dp|mux2:resmux ;
+----------------+-------+-----------------------------------------------------+
; Parameter Name ; Value ; Type                                                ;
+----------------+-------+-----------------------------------------------------+
; WIDTH          ; 32    ; Signed Integer                                      ;
+----------------+-------+-----------------------------------------------------+
Note: In order to hide this table in the UI and the text report file, please set the "Show Parameter Settings in Synthesis Report" option in "Analysis and Synthesis Settings -> More Settings" to "Off".


+-------------------------------------------------------------------------------+
; Parameter Settings for User Entity Instance: arm:arm|datapath:dp|mux2:srcbmux ;
+----------------+-------+------------------------------------------------------+
; Parameter Name ; Value ; Type                                                 ;
+----------------+-------+------------------------------------------------------+
; WIDTH          ; 32    ; Signed Integer                                       ;
+----------------+-------+------------------------------------------------------+
Note: In order to hide this table in the UI and the text report file, please set the "Show Parameter Settings in Synthesis Report" option in "Analysis and Synthesis Settings -> More Settings" to "Off".


+--------------------------------------------------------------------------+
; Parameter Settings for User Entity Instance: arm:arm|datapath:dp|alu:alu ;
+----------------+-------+-------------------------------------------------+
; Parameter Name ; Value ; Type                                            ;
+----------------+-------+-------------------------------------------------+
; WIDTH          ; 8     ; Signed Integer                                  ;
+----------------+-------+-------------------------------------------------+
Note: In order to hide this table in the UI and the text report file, please set the "Show Parameter Settings in Synthesis Report" option in "Analysis and Synthesis Settings -> More Settings" to "Off".


+---------------------------------------------------------------------------------------------------------------------------+
; Analysis & Elaboration Settings                                                                                           ;
+---------------------------------------------------------------------------------+--------------------+--------------------+
; Option                                                                          ; Setting            ; Default Value      ;
+---------------------------------------------------------------------------------+--------------------+--------------------+
; Device                                                                          ; 5CGXFC7C7F23C8     ;                    ;
; Top-level entity name                                                           ; top                ; EtapasProcesador   ;
; Family name                                                                     ; Cyclone V          ; Cyclone V          ;
; Use smart compilation                                                           ; Off                ; Off                ;
; Enable parallel Assembler and Timing Analyzer during compilation                ; On                 ; On                 ;
; Enable compact report table                                                     ; Off                ; Off                ;
; Restructure Multiplexers                                                        ; Auto               ; Auto               ;
; MLAB Add Timing Constraints For Mixed-Port Feed-Through Mode Setting Don't Care ; Off                ; Off                ;
; Create Debugging Nodes for IP Cores                                             ; Off                ; Off                ;
; Preserve fewer node names                                                       ; On                 ; On                 ;
; Intel FPGA IP Evaluation Mode                                                   ; Enable             ; Enable             ;
; Verilog Version                                                                 ; Verilog_2001       ; Verilog_2001       ;
; VHDL Version                                                                    ; VHDL_1993          ; VHDL_1993          ;
; State Machine Processing                                                        ; Auto               ; Auto               ;
; Safe State Machine                                                              ; Off                ; Off                ;
; Extract Verilog State Machines                                                  ; On                 ; On                 ;
; Extract VHDL State Machines                                                     ; On                 ; On                 ;
; Ignore Verilog initial constructs                                               ; Off                ; Off                ;
; Iteration limit for constant Verilog loops                                      ; 5000               ; 5000               ;
; Iteration limit for non-constant Verilog loops                                  ; 250                ; 250                ;
; Add Pass-Through Logic to Inferred RAMs                                         ; On                 ; On                 ;
; Infer RAMs from Raw Logic                                                       ; On                 ; On                 ;
; Parallel Synthesis                                                              ; On                 ; On                 ;
; DSP Block Balancing                                                             ; Auto               ; Auto               ;
; NOT Gate Push-Back                                                              ; On                 ; On                 ;
; Power-Up Don't Care                                                             ; On                 ; On                 ;
; Remove Redundant Logic Cells                                                    ; Off                ; Off                ;
; Remove Duplicate Registers                                                      ; On                 ; On                 ;
; Ignore CARRY Buffers                                                            ; Off                ; Off                ;
; Ignore CASCADE Buffers                                                          ; Off                ; Off                ;
; Ignore GLOBAL Buffers                                                           ; Off                ; Off                ;
; Ignore ROW GLOBAL Buffers                                                       ; Off                ; Off                ;
; Ignore LCELL Buffers                                                            ; Off                ; Off                ;
; Ignore SOFT Buffers                                                             ; On                 ; On                 ;
; Limit AHDL Integers to 32 Bits                                                  ; Off                ; Off                ;
; Optimization Technique                                                          ; Balanced           ; Balanced           ;
; Carry Chain Length                                                              ; 70                 ; 70                 ;
; Auto Carry Chains                                                               ; On                 ; On                 ;
; Auto Open-Drain Pins                                                            ; On                 ; On                 ;
; Perform WYSIWYG Primitive Resynthesis                                           ; Off                ; Off                ;
; Auto ROM Replacement                                                            ; On                 ; On                 ;
; Auto RAM Replacement                                                            ; On                 ; On                 ;
; Auto DSP Block Replacement                                                      ; On                 ; On                 ;
; Auto Shift Register Replacement                                                 ; Auto               ; Auto               ;
; Allow Shift Register Merging across Hierarchies                                 ; Auto               ; Auto               ;
; Auto Clock Enable Replacement                                                   ; On                 ; On                 ;
; Strict RAM Replacement                                                          ; Off                ; Off                ;
; Allow Synchronous Control Signals                                               ; On                 ; On                 ;
; Force Use of Synchronous Clear Signals                                          ; Off                ; Off                ;
; Auto Resource Sharing                                                           ; Off                ; Off                ;
; Allow Any RAM Size For Recognition                                              ; Off                ; Off                ;
; Allow Any ROM Size For Recognition                                              ; Off                ; Off                ;
; Allow Any Shift Register Size For Recognition                                   ; Off                ; Off                ;
; Use LogicLock Constraints during Resource Balancing                             ; On                 ; On                 ;
; Ignore translate_off and synthesis_off directives                               ; Off                ; Off                ;
; Timing-Driven Synthesis                                                         ; On                 ; On                 ;
; Report Parameter Settings                                                       ; On                 ; On                 ;
; Report Source Assignments                                                       ; On                 ; On                 ;
; Report Connectivity Checks                                                      ; On                 ; On                 ;
; Ignore Maximum Fan-Out Assignments                                              ; Off                ; Off                ;
; Synchronization Register Chain Length                                           ; 3                  ; 3                  ;
; Power Optimization During Synthesis                                             ; Normal compilation ; Normal compilation ;
; HDL message level                                                               ; Level2             ; Level2             ;
; Suppress Register Optimization Related Messages                                 ; Off                ; Off                ;
; Number of Removed Registers Reported in Synthesis Report                        ; 5000               ; 5000               ;
; Number of Swept Nodes Reported in Synthesis Report                              ; 5000               ; 5000               ;
; Number of Inverted Registers Reported in Synthesis Report                       ; 100                ; 100                ;
; Clock MUX Protection                                                            ; On                 ; On                 ;
; Auto Gated Clock Conversion                                                     ; Off                ; Off                ;
; Block Design Naming                                                             ; Auto               ; Auto               ;
; SDC constraint protection                                                       ; Off                ; Off                ;
; Synthesis Effort                                                                ; Auto               ; Auto               ;
; Shift Register Replacement - Allow Asynchronous Clear Signal                    ; On                 ; On                 ;
; Pre-Mapping Resynthesis Optimization                                            ; Off                ; Off                ;
; Analysis & Synthesis Message Level                                              ; Medium             ; Medium             ;
; Disable Register Merging Across Hierarchies                                     ; Auto               ; Auto               ;
; Resource Aware Inference For Block RAM                                          ; On                 ; On                 ;
; Automatic Parallel Synthesis                                                    ; On                 ; On                 ;
; Partial Reconfiguration Bitstream ID                                            ; Off                ; Off                ;
+---------------------------------------------------------------------------------+--------------------+--------------------+


+--------------------------------------------------------------------------------------------------------------------------------------------------------------------------------------------------------------------+
; Port Connectivity Checks: "arm:arm|datapath:dp|alu:alu"                                                                                                                                                            ;
+-----------+--------+----------+------------------------------------------------------------------------------------------------------------------------------------------------------------------------------------+
; Port      ; Type   ; Severity ; Details                                                                                                                                                                            ;
+-----------+--------+----------+------------------------------------------------------------------------------------------------------------------------------------------------------------------------------------+
; a         ; Input  ; Warning  ; Input port expression (32 bits) is wider than the input port (8 bits) it drives.  The 24 most-significant bit(s) in the expression will be dangling if they have no other fanouts. ;
; b         ; Input  ; Warning  ; Input port expression (32 bits) is wider than the input port (8 bits) it drives.  The 24 most-significant bit(s) in the expression will be dangling if they have no other fanouts. ;
; y         ; Output ; Warning  ; Output or bidir port (8 bits) is smaller than the port expression (32 bits) it drives.  The 24 most-significant bit(s) in the port expression will be connected to GND.            ;
; zero      ; Output ; Warning  ; Output or bidir port (1 bits) is smaller than the port expression (4 bits) it drives.  The 3 most-significant bit(s) in the port expression will be connected to GND.              ;
; carry_out ; Output ; Warning  ; Declared by entity but not connected by instance. Logic that only feeds a dangling port will be removed.                                                                           ;
; negative  ; Output ; Warning  ; Declared by entity but not connected by instance. Logic that only feeds a dangling port will be removed.                                                                           ;
; overflow  ; Output ; Warning  ; Declared by entity but not connected by instance. Logic that only feeds a dangling port will be removed.                                                                           ;
+-----------+--------+----------+------------------------------------------------------------------------------------------------------------------------------------------------------------------------------------+


+--------------------------------------------------------------------------------------------------------------------+
; Port Connectivity Checks: "arm:arm|datapath:dp|mux2:srcbmux"                                                       ;
+----------+--------+----------+-------------------------------------------------------------------------------------+
; Port     ; Type   ; Severity ; Details                                                                             ;
+----------+--------+----------+-------------------------------------------------------------------------------------+
; y[31..8] ; Output ; Info     ; Connected to dangling logic. Logic that only feeds a dangling port will be removed. ;
+----------+--------+----------+-------------------------------------------------------------------------------------+


+----------------------------------------------------------------------------------------------------------------------+
; Port Connectivity Checks: "arm:arm|datapath:dp|regfile:rf"                                                           ;
+------------+--------+----------+-------------------------------------------------------------------------------------+
; Port       ; Type   ; Severity ; Details                                                                             ;
+------------+--------+----------+-------------------------------------------------------------------------------------+
; rd1[31..8] ; Output ; Info     ; Connected to dangling logic. Logic that only feeds a dangling port will be removed. ;
+------------+--------+----------+-------------------------------------------------------------------------------------+


+-------------------------------------------------------------+
; Port Connectivity Checks: "arm:arm|datapath:dp|mux2:ra1mux" ;
+------+-------+----------+-----------------------------------+
; Port ; Type  ; Severity ; Details                           ;
+------+-------+----------+-----------------------------------+
; d1   ; Input ; Info     ; Stuck at VCC                      ;
+------+-------+----------+-----------------------------------+


+--------------------------------------------------------------+
; Port Connectivity Checks: "arm:arm|datapath:dp|adder:pcadd2" ;
+----------+-------+----------+--------------------------------+
; Port     ; Type  ; Severity ; Details                        ;
+----------+-------+----------+--------------------------------+
; b[31..3] ; Input ; Info     ; Stuck at GND                   ;
; b[1..0]  ; Input ; Info     ; Stuck at GND                   ;
; b[2]     ; Input ; Info     ; Stuck at VCC                   ;
+----------+-------+----------+--------------------------------+


+--------------------------------------------------------------+
; Port Connectivity Checks: "arm:arm|datapath:dp|adder:pcadd1" ;
+----------+-------+----------+--------------------------------+
; Port     ; Type  ; Severity ; Details                        ;
+----------+-------+----------+--------------------------------+
; b[31..3] ; Input ; Info     ; Stuck at GND                   ;
; b[1..0]  ; Input ; Info     ; Stuck at GND                   ;
; b[2]     ; Input ; Info     ; Stuck at VCC                   ;
+----------+-------+----------+--------------------------------+


+---------------------------------+
; Analysis & Elaboration Messages ;
+---------------------------------+
Info: *******************************************************************
Info: Running Quartus Prime Analysis & Elaboration
    Info: Version 20.1.1 Build 720 11/11/2020 SJ Lite Edition
    Info: Processing started: Thu Nov 07 00:15:32 2024
Info: Command: quartus_map --read_settings_files=on --write_settings_files=off EtapasProcesador -c EtapasProcesador --analysis_and_elaboration
Warning (18236): Number of processors has not been specified which may cause overloading on shared machines.  Set the global assignment NUM_PARALLEL_PROCESSORS in your QSF to an appropriate value for best performance.
Info (20030): Parallel compilation is enabled and will use 4 of the 4 processors detected
Info (12021): Found 1 design units, including 1 entities, in source file arm.sv
    Info (12023): Found entity 1: arm File: D:/TEC/2Semestre2024/TallerDD/Proyecto/Procesador/arm.sv Line: 1
Info (12021): Found 1 design units, including 1 entities, in source file controller.sv
    Info (12023): Found entity 1: controller File: D:/TEC/2Semestre2024/TallerDD/Proyecto/Procesador/controller.sv Line: 1
Info (12021): Found 1 design units, including 1 entities, in source file decoder.sv
    Info (12023): Found entity 1: decoder File: D:/TEC/2Semestre2024/TallerDD/Proyecto/Procesador/decoder.sv Line: 1
Info (12021): Found 2 design units, including 2 entities, in source file condlogic.sv
    Info (12023): Found entity 1: condlogic File: D:/TEC/2Semestre2024/TallerDD/Proyecto/Procesador/condlogic.sv Line: 1
    Info (12023): Found entity 2: condcheck File: D:/TEC/2Semestre2024/TallerDD/Proyecto/Procesador/condlogic.sv Line: 24
Info (12021): Found 1 design units, including 1 entities, in source file datapath.sv
    Info (12023): Found entity 1: datapath File: D:/TEC/2Semestre2024/TallerDD/Proyecto/Procesador/datapath.sv Line: 1
Info (12021): Found 1 design units, including 1 entities, in source file regfile.sv
    Info (12023): Found entity 1: regfile File: D:/TEC/2Semestre2024/TallerDD/Proyecto/Procesador/regfile.sv Line: 1
Info (12021): Found 1 design units, including 1 entities, in source file flopr.sv
    Info (12023): Found entity 1: flopr File: D:/TEC/2Semestre2024/TallerDD/Proyecto/Procesador/flopr.sv Line: 1
Info (12021): Found 1 design units, including 1 entities, in source file flopenr.sv
    Info (12023): Found entity 1: flopenr File: D:/TEC/2Semestre2024/TallerDD/Proyecto/Procesador/flopenr.sv Line: 1
Info (12021): Found 1 design units, including 1 entities, in source file mux2.sv
    Info (12023): Found entity 1: mux2 File: D:/TEC/2Semestre2024/TallerDD/Proyecto/Procesador/mux2.sv Line: 1
Info (12021): Found 1 design units, including 1 entities, in source file testbench.sv
    Info (12023): Found entity 1: testbench File: D:/TEC/2Semestre2024/TallerDD/Proyecto/Procesador/testbench.sv Line: 1
Info (12021): Found 1 design units, including 1 entities, in source file top.sv
    Info (12023): Found entity 1: top File: D:/TEC/2Semestre2024/TallerDD/Proyecto/Procesador/top.sv Line: 1
Info (12021): Found 1 design units, including 1 entities, in source file dmem.sv
    Info (12023): Found entity 1: dmem File: D:/TEC/2Semestre2024/TallerDD/Proyecto/Procesador/dmem.sv Line: 1
Info (12021): Found 1 design units, including 1 entities, in source file imem.sv
    Info (12023): Found entity 1: imem File: D:/TEC/2Semestre2024/TallerDD/Proyecto/Procesador/imem.sv Line: 1
Info (12021): Found 1 design units, including 1 entities, in source file adder.sv
    Info (12023): Found entity 1: adder File: D:/TEC/2Semestre2024/TallerDD/Proyecto/Procesador/adder.sv Line: 1
Info (12021): Found 1 design units, including 1 entities, in source file extend.sv
    Info (12023): Found entity 1: extend File: D:/TEC/2Semestre2024/TallerDD/Proyecto/Procesador/extend.sv Line: 1
Info (12021): Found 1 design units, including 1 entities, in source file alu.sv
    Info (12023): Found entity 1: alu File: D:/TEC/2Semestre2024/TallerDD/Proyecto/Procesador/alu.sv Line: 1
Info (12127): Elaborating entity "top" for the top level hierarchy
Info (12128): Elaborating entity "arm" for hierarchy "arm:arm" File: D:/TEC/2Semestre2024/TallerDD/Proyecto/Procesador/top.sv Line: 10
Info (12128): Elaborating entity "controller" for hierarchy "arm:arm|controller:c" File: D:/TEC/2Semestre2024/TallerDD/Proyecto/Procesador/arm.sv Line: 16
Info (12128): Elaborating entity "decoder" for hierarchy "arm:arm|controller:c|decoder:dec" File: D:/TEC/2Semestre2024/TallerDD/Proyecto/Procesador/controller.sv Line: 19
Info (12128): Elaborating entity "condlogic" for hierarchy "arm:arm|controller:c|condlogic:cl" File: D:/TEC/2Semestre2024/TallerDD/Proyecto/Procesador/controller.sv Line: 22
Info (12128): Elaborating entity "flopenr" for hierarchy "arm:arm|controller:c|condlogic:cl|flopenr:flagreg1" File: D:/TEC/2Semestre2024/TallerDD/Proyecto/Procesador/condlogic.sv Line: 13
Info (12128): Elaborating entity "condcheck" for hierarchy "arm:arm|controller:c|condlogic:cl|condcheck:cc" File: D:/TEC/2Semestre2024/TallerDD/Proyecto/Procesador/condlogic.sv Line: 17
Info (12128): Elaborating entity "datapath" for hierarchy "arm:arm|datapath:dp" File: D:/TEC/2Semestre2024/TallerDD/Proyecto/Procesador/arm.sv Line: 19
Info (12128): Elaborating entity "mux2" for hierarchy "arm:arm|datapath:dp|mux2:pcmux" File: D:/TEC/2Semestre2024/TallerDD/Proyecto/Procesador/datapath.sv Line: 22
Info (12128): Elaborating entity "flopr" for hierarchy "arm:arm|datapath:dp|flopr:pcreg" File: D:/TEC/2Semestre2024/TallerDD/Proyecto/Procesador/datapath.sv Line: 23
Info (12128): Elaborating entity "adder" for hierarchy "arm:arm|datapath:dp|adder:pcadd1" File: D:/TEC/2Semestre2024/TallerDD/Proyecto/Procesador/datapath.sv Line: 24
Info (12128): Elaborating entity "mux2" for hierarchy "arm:arm|datapath:dp|mux2:ra1mux" File: D:/TEC/2Semestre2024/TallerDD/Proyecto/Procesador/datapath.sv Line: 28
Info (12128): Elaborating entity "regfile" for hierarchy "arm:arm|datapath:dp|regfile:rf" File: D:/TEC/2Semestre2024/TallerDD/Proyecto/Procesador/datapath.sv Line: 30
Info (12128): Elaborating entity "extend" for hierarchy "arm:arm|datapath:dp|extend:ext" File: D:/TEC/2Semestre2024/TallerDD/Proyecto/Procesador/datapath.sv Line: 32
Info (12128): Elaborating entity "alu" for hierarchy "arm:arm|datapath:dp|alu:alu" File: D:/TEC/2Semestre2024/TallerDD/Proyecto/Procesador/datapath.sv Line: 36
Info (12128): Elaborating entity "imem" for hierarchy "imem:imem" File: D:/TEC/2Semestre2024/TallerDD/Proyecto/Procesador/top.sv Line: 12
Warning (10850): Verilog HDL warning at imem.sv(10): number of words (8) in memory file does not match the number of elements in the address range [0:63] File: D:/TEC/2Semestre2024/TallerDD/Proyecto/Procesador/imem.sv Line: 10
Warning (10030): Net "RAM.data_a" at imem.sv(6) has no driver or initial value, using a default initial value '0' File: D:/TEC/2Semestre2024/TallerDD/Proyecto/Procesador/imem.sv Line: 6
Warning (10030): Net "RAM.waddr_a" at imem.sv(6) has no driver or initial value, using a default initial value '0' File: D:/TEC/2Semestre2024/TallerDD/Proyecto/Procesador/imem.sv Line: 6
Warning (10030): Net "RAM.we_a" at imem.sv(6) has no driver or initial value, using a default initial value '0' File: D:/TEC/2Semestre2024/TallerDD/Proyecto/Procesador/imem.sv Line: 6
Info (12128): Elaborating entity "dmem" for hierarchy "dmem:dmem" File: D:/TEC/2Semestre2024/TallerDD/Proyecto/Procesador/top.sv Line: 14
Warning (12011): Net is missing source, defaulting to GND
    Warning (12110): Net "arm:arm|datapath:dp|ALUResult[31]" is missing source, defaulting to GND File: D:/TEC/2Semestre2024/TallerDD/Proyecto/Procesador/datapath.sv Line: 13
    Warning (12110): Net "arm:arm|datapath:dp|ALUResult[30]" is missing source, defaulting to GND File: D:/TEC/2Semestre2024/TallerDD/Proyecto/Procesador/datapath.sv Line: 13
    Warning (12110): Net "arm:arm|datapath:dp|ALUResult[29]" is missing source, defaulting to GND File: D:/TEC/2Semestre2024/TallerDD/Proyecto/Procesador/datapath.sv Line: 13
    Warning (12110): Net "arm:arm|datapath:dp|ALUResult[28]" is missing source, defaulting to GND File: D:/TEC/2Semestre2024/TallerDD/Proyecto/Procesador/datapath.sv Line: 13
    Warning (12110): Net "arm:arm|datapath:dp|ALUResult[27]" is missing source, defaulting to GND File: D:/TEC/2Semestre2024/TallerDD/Proyecto/Procesador/datapath.sv Line: 13
    Warning (12110): Net "arm:arm|datapath:dp|ALUResult[26]" is missing source, defaulting to GND File: D:/TEC/2Semestre2024/TallerDD/Proyecto/Procesador/datapath.sv Line: 13
    Warning (12110): Net "arm:arm|datapath:dp|ALUResult[25]" is missing source, defaulting to GND File: D:/TEC/2Semestre2024/TallerDD/Proyecto/Procesador/datapath.sv Line: 13
    Warning (12110): Net "arm:arm|datapath:dp|ALUResult[24]" is missing source, defaulting to GND File: D:/TEC/2Semestre2024/TallerDD/Proyecto/Procesador/datapath.sv Line: 13
    Warning (12110): Net "arm:arm|datapath:dp|ALUResult[23]" is missing source, defaulting to GND File: D:/TEC/2Semestre2024/TallerDD/Proyecto/Procesador/datapath.sv Line: 13
    Warning (12110): Net "arm:arm|datapath:dp|ALUResult[22]" is missing source, defaulting to GND File: D:/TEC/2Semestre2024/TallerDD/Proyecto/Procesador/datapath.sv Line: 13
    Warning (12110): Net "arm:arm|datapath:dp|ALUResult[21]" is missing source, defaulting to GND File: D:/TEC/2Semestre2024/TallerDD/Proyecto/Procesador/datapath.sv Line: 13
    Warning (12110): Net "arm:arm|datapath:dp|ALUResult[20]" is missing source, defaulting to GND File: D:/TEC/2Semestre2024/TallerDD/Proyecto/Procesador/datapath.sv Line: 13
    Warning (12110): Net "arm:arm|datapath:dp|ALUResult[19]" is missing source, defaulting to GND File: D:/TEC/2Semestre2024/TallerDD/Proyecto/Procesador/datapath.sv Line: 13
    Warning (12110): Net "arm:arm|datapath:dp|ALUResult[18]" is missing source, defaulting to GND File: D:/TEC/2Semestre2024/TallerDD/Proyecto/Procesador/datapath.sv Line: 13
    Warning (12110): Net "arm:arm|datapath:dp|ALUResult[17]" is missing source, defaulting to GND File: D:/TEC/2Semestre2024/TallerDD/Proyecto/Procesador/datapath.sv Line: 13
    Warning (12110): Net "arm:arm|datapath:dp|ALUResult[16]" is missing source, defaulting to GND File: D:/TEC/2Semestre2024/TallerDD/Proyecto/Procesador/datapath.sv Line: 13
    Warning (12110): Net "arm:arm|datapath:dp|ALUResult[15]" is missing source, defaulting to GND File: D:/TEC/2Semestre2024/TallerDD/Proyecto/Procesador/datapath.sv Line: 13
    Warning (12110): Net "arm:arm|datapath:dp|ALUResult[14]" is missing source, defaulting to GND File: D:/TEC/2Semestre2024/TallerDD/Proyecto/Procesador/datapath.sv Line: 13
    Warning (12110): Net "arm:arm|datapath:dp|ALUResult[13]" is missing source, defaulting to GND File: D:/TEC/2Semestre2024/TallerDD/Proyecto/Procesador/datapath.sv Line: 13
    Warning (12110): Net "arm:arm|datapath:dp|ALUResult[12]" is missing source, defaulting to GND File: D:/TEC/2Semestre2024/TallerDD/Proyecto/Procesador/datapath.sv Line: 13
    Warning (12110): Net "arm:arm|datapath:dp|ALUResult[11]" is missing source, defaulting to GND File: D:/TEC/2Semestre2024/TallerDD/Proyecto/Procesador/datapath.sv Line: 13
    Warning (12110): Net "arm:arm|datapath:dp|ALUResult[10]" is missing source, defaulting to GND File: D:/TEC/2Semestre2024/TallerDD/Proyecto/Procesador/datapath.sv Line: 13
    Warning (12110): Net "arm:arm|datapath:dp|ALUResult[9]" is missing source, defaulting to GND File: D:/TEC/2Semestre2024/TallerDD/Proyecto/Procesador/datapath.sv Line: 13
    Warning (12110): Net "arm:arm|datapath:dp|ALUResult[8]" is missing source, defaulting to GND File: D:/TEC/2Semestre2024/TallerDD/Proyecto/Procesador/datapath.sv Line: 13
Warning (12241): 1 hierarchies have connectivity warnings - see the Connectivity Checks report folder
Info (144001): Generated suppressed messages file D:/TEC/2Semestre2024/TallerDD/Proyecto/Procesador/output_files/EtapasProcesador.map.smsg
Info: Quartus Prime Analysis & Elaboration was successful. 0 errors, 31 warnings
    Info: Peak virtual memory: 4771 megabytes
    Info: Processing ended: Thu Nov 07 00:15:39 2024
    Info: Elapsed time: 00:00:07
    Info: Total CPU time (on all processors): 00:00:15


+--------------------------------------------+
; Analysis & Elaboration Suppressed Messages ;
+--------------------------------------------+
The suppressed messages can be found in D:/TEC/2Semestre2024/TallerDD/Proyecto/Procesador/output_files/EtapasProcesador.map.smsg.


