Analysis & Elaboration report for ProcesadorFiltro
Wed Oct 30 20:30:56 2024
Quartus Prime Version 22.1std.2 Build 922 07/20/2023 SC Lite Edition


---------------------
; Table of Contents ;
---------------------
  1. Legal Notice
  2. Analysis & Elaboration Summary
  3. Parallel Compilation
  4. Parameter Settings for User Entity Instance: controller:controlUnit|condlogic:cl|flopenr:flagreg1
  5. Parameter Settings for User Entity Instance: controller:controlUnit|condlogic:cl|flopenr:flagreg0
  6. Parameter Settings for User Entity Instance: datapath:dpUnit|mux2:pcmux
  7. Parameter Settings for User Entity Instance: datapath:dpUnit|flopr:pcreg
  8. Parameter Settings for User Entity Instance: datapath:dpUnit|adder:pcadd1
  9. Parameter Settings for User Entity Instance: datapath:dpUnit|adder:pcadd2
 10. Parameter Settings for User Entity Instance: datapath:dpUnit|mux2:ra1mux
 11. Parameter Settings for User Entity Instance: datapath:dpUnit|mux2:ra2mux
 12. Parameter Settings for User Entity Instance: datapath:dpUnit|mux2:resmux
 13. Parameter Settings for User Entity Instance: datapath:dpUnit|mux2:srcbmux
 14. Analysis & Elaboration Settings
 15. Port Connectivity Checks: "datapath:dpUnit|mux2:srcbmux"
 16. Port Connectivity Checks: "datapath:dpUnit|regfile:rf"
 17. Port Connectivity Checks: "datapath:dpUnit|mux2:ra1mux"
 18. Port Connectivity Checks: "datapath:dpUnit|adder:pcadd2"
 19. Port Connectivity Checks: "datapath:dpUnit|adder:pcadd1"
 20. Analysis & Elaboration Messages
 21. Analysis & Elaboration Suppressed Messages



----------------
; Legal Notice ;
----------------
Copyright (C) 2023  Intel Corporation. All rights reserved.
Your use of Intel Corporation's design tools, logic functions 
and other software and tools, and any partner logic 
functions, and any output files from any of the foregoing 
(including device programming or simulation files), and any 
associated documentation or information are expressly subject 
to the terms and conditions of the Intel Program License 
Subscription Agreement, the Intel Quartus Prime License Agreement,
the Intel FPGA IP License Agreement, or other applicable license
agreement, including, without limitation, that your use is for
the sole purpose of programming logic devices manufactured by
Intel and sold by Intel or its authorized distributors.  Please
refer to the applicable agreement for further details, at
https://fpgasoftware.intel.com/eula.



+--------------------------------------------------------------------------------+
; Analysis & Elaboration Summary                                                 ;
+-------------------------------+------------------------------------------------+
; Analysis & Elaboration Status ; Successful - Wed Oct 30 20:30:56 2024          ;
; Quartus Prime Version         ; 22.1std.2 Build 922 07/20/2023 SC Lite Edition ;
; Revision Name                 ; ProcesadorFiltro                               ;
; Top-level Entity Name         ; arm                                            ;
; Family                        ; Cyclone V                                      ;
; Logic utilization (in ALMs)   ; N/A until Partition Merge                      ;
; Total registers               ; N/A until Partition Merge                      ;
; Total pins                    ; N/A until Partition Merge                      ;
; Total virtual pins            ; N/A until Partition Merge                      ;
; Total block memory bits       ; N/A until Partition Merge                      ;
; Total PLLs                    ; N/A until Partition Merge                      ;
; Total DLLs                    ; N/A until Partition Merge                      ;
+-------------------------------+------------------------------------------------+


+------------------------------------------+
; Parallel Compilation                     ;
+----------------------------+-------------+
; Processors                 ; Number      ;
+----------------------------+-------------+
; Number detected on machine ; 4           ;
; Maximum allowed            ; 2           ;
;                            ;             ;
; Average used               ; 1.00        ;
; Maximum used               ; 1           ;
;                            ;             ;
; Usage by Processor         ; % Time Used ;
;     Processor 1            ; 100.0%      ;
+----------------------------+-------------+


+---------------------------------------------------------------------------------------------------+
; Parameter Settings for User Entity Instance: controller:controlUnit|condlogic:cl|flopenr:flagreg1 ;
+----------------+-------+--------------------------------------------------------------------------+
; Parameter Name ; Value ; Type                                                                     ;
+----------------+-------+--------------------------------------------------------------------------+
; WIDTH          ; 2     ; Signed Integer                                                           ;
+----------------+-------+--------------------------------------------------------------------------+
Note: In order to hide this table in the UI and the text report file, please set the "Show Parameter Settings in Synthesis Report" option in "Analysis and Synthesis Settings -> More Settings" to "Off".


+---------------------------------------------------------------------------------------------------+
; Parameter Settings for User Entity Instance: controller:controlUnit|condlogic:cl|flopenr:flagreg0 ;
+----------------+-------+--------------------------------------------------------------------------+
; Parameter Name ; Value ; Type                                                                     ;
+----------------+-------+--------------------------------------------------------------------------+
; WIDTH          ; 2     ; Signed Integer                                                           ;
+----------------+-------+--------------------------------------------------------------------------+
Note: In order to hide this table in the UI and the text report file, please set the "Show Parameter Settings in Synthesis Report" option in "Analysis and Synthesis Settings -> More Settings" to "Off".


+-------------------------------------------------------------------------+
; Parameter Settings for User Entity Instance: datapath:dpUnit|mux2:pcmux ;
+----------------+-------+------------------------------------------------+
; Parameter Name ; Value ; Type                                           ;
+----------------+-------+------------------------------------------------+
; WIDTH          ; 32    ; Signed Integer                                 ;
+----------------+-------+------------------------------------------------+
Note: In order to hide this table in the UI and the text report file, please set the "Show Parameter Settings in Synthesis Report" option in "Analysis and Synthesis Settings -> More Settings" to "Off".


+--------------------------------------------------------------------------+
; Parameter Settings for User Entity Instance: datapath:dpUnit|flopr:pcreg ;
+----------------+-------+-------------------------------------------------+
; Parameter Name ; Value ; Type                                            ;
+----------------+-------+-------------------------------------------------+
; WIDTH          ; 32    ; Signed Integer                                  ;
+----------------+-------+-------------------------------------------------+
Note: In order to hide this table in the UI and the text report file, please set the "Show Parameter Settings in Synthesis Report" option in "Analysis and Synthesis Settings -> More Settings" to "Off".


+---------------------------------------------------------------------------+
; Parameter Settings for User Entity Instance: datapath:dpUnit|adder:pcadd1 ;
+----------------+-------+--------------------------------------------------+
; Parameter Name ; Value ; Type                                             ;
+----------------+-------+--------------------------------------------------+
; WIDTH          ; 32    ; Signed Integer                                   ;
+----------------+-------+--------------------------------------------------+
Note: In order to hide this table in the UI and the text report file, please set the "Show Parameter Settings in Synthesis Report" option in "Analysis and Synthesis Settings -> More Settings" to "Off".


+---------------------------------------------------------------------------+
; Parameter Settings for User Entity Instance: datapath:dpUnit|adder:pcadd2 ;
+----------------+-------+--------------------------------------------------+
; Parameter Name ; Value ; Type                                             ;
+----------------+-------+--------------------------------------------------+
; WIDTH          ; 32    ; Signed Integer                                   ;
+----------------+-------+--------------------------------------------------+
Note: In order to hide this table in the UI and the text report file, please set the "Show Parameter Settings in Synthesis Report" option in "Analysis and Synthesis Settings -> More Settings" to "Off".


+--------------------------------------------------------------------------+
; Parameter Settings for User Entity Instance: datapath:dpUnit|mux2:ra1mux ;
+----------------+-------+-------------------------------------------------+
; Parameter Name ; Value ; Type                                            ;
+----------------+-------+-------------------------------------------------+
; WIDTH          ; 4     ; Signed Integer                                  ;
+----------------+-------+-------------------------------------------------+
Note: In order to hide this table in the UI and the text report file, please set the "Show Parameter Settings in Synthesis Report" option in "Analysis and Synthesis Settings -> More Settings" to "Off".


+--------------------------------------------------------------------------+
; Parameter Settings for User Entity Instance: datapath:dpUnit|mux2:ra2mux ;
+----------------+-------+-------------------------------------------------+
; Parameter Name ; Value ; Type                                            ;
+----------------+-------+-------------------------------------------------+
; WIDTH          ; 4     ; Signed Integer                                  ;
+----------------+-------+-------------------------------------------------+
Note: In order to hide this table in the UI and the text report file, please set the "Show Parameter Settings in Synthesis Report" option in "Analysis and Synthesis Settings -> More Settings" to "Off".


+--------------------------------------------------------------------------+
; Parameter Settings for User Entity Instance: datapath:dpUnit|mux2:resmux ;
+----------------+-------+-------------------------------------------------+
; Parameter Name ; Value ; Type                                            ;
+----------------+-------+-------------------------------------------------+
; WIDTH          ; 32    ; Signed Integer                                  ;
+----------------+-------+-------------------------------------------------+
Note: In order to hide this table in the UI and the text report file, please set the "Show Parameter Settings in Synthesis Report" option in "Analysis and Synthesis Settings -> More Settings" to "Off".


+---------------------------------------------------------------------------+
; Parameter Settings for User Entity Instance: datapath:dpUnit|mux2:srcbmux ;
+----------------+-------+--------------------------------------------------+
; Parameter Name ; Value ; Type                                             ;
+----------------+-------+--------------------------------------------------+
; WIDTH          ; 32    ; Signed Integer                                   ;
+----------------+-------+--------------------------------------------------+
Note: In order to hide this table in the UI and the text report file, please set the "Show Parameter Settings in Synthesis Report" option in "Analysis and Synthesis Settings -> More Settings" to "Off".


+---------------------------------------------------------------------------------------------------------------------------+
; Analysis & Elaboration Settings                                                                                           ;
+---------------------------------------------------------------------------------+--------------------+--------------------+
; Option                                                                          ; Setting            ; Default Value      ;
+---------------------------------------------------------------------------------+--------------------+--------------------+
; Device                                                                          ; 5CSXFC6D6F31C6     ;                    ;
; Top-level entity name                                                           ; arm                ; ProcesadorFiltro   ;
; Family name                                                                     ; Cyclone V          ; Cyclone V          ;
; Use smart compilation                                                           ; Off                ; Off                ;
; Enable parallel Assembler and Timing Analyzer during compilation                ; On                 ; On                 ;
; Enable compact report table                                                     ; Off                ; Off                ;
; Restructure Multiplexers                                                        ; Auto               ; Auto               ;
; MLAB Add Timing Constraints For Mixed-Port Feed-Through Mode Setting Don't Care ; Off                ; Off                ;
; Create Debugging Nodes for IP Cores                                             ; Off                ; Off                ;
; Preserve fewer node names                                                       ; On                 ; On                 ;
; Intel FPGA IP Evaluation Mode                                                   ; Enable             ; Enable             ;
; Verilog Version                                                                 ; Verilog_2001       ; Verilog_2001       ;
; VHDL Version                                                                    ; VHDL_1993          ; VHDL_1993          ;
; State Machine Processing                                                        ; Auto               ; Auto               ;
; Safe State Machine                                                              ; Off                ; Off                ;
; Extract Verilog State Machines                                                  ; On                 ; On                 ;
; Extract VHDL State Machines                                                     ; On                 ; On                 ;
; Ignore Verilog initial constructs                                               ; Off                ; Off                ;
; Iteration limit for constant Verilog loops                                      ; 5000               ; 5000               ;
; Iteration limit for non-constant Verilog loops                                  ; 250                ; 250                ;
; Add Pass-Through Logic to Inferred RAMs                                         ; On                 ; On                 ;
; Infer RAMs from Raw Logic                                                       ; On                 ; On                 ;
; Parallel Synthesis                                                              ; On                 ; On                 ;
; DSP Block Balancing                                                             ; Auto               ; Auto               ;
; NOT Gate Push-Back                                                              ; On                 ; On                 ;
; Power-Up Don't Care                                                             ; On                 ; On                 ;
; Remove Redundant Logic Cells                                                    ; Off                ; Off                ;
; Remove Duplicate Registers                                                      ; On                 ; On                 ;
; Ignore CARRY Buffers                                                            ; Off                ; Off                ;
; Ignore CASCADE Buffers                                                          ; Off                ; Off                ;
; Ignore GLOBAL Buffers                                                           ; Off                ; Off                ;
; Ignore ROW GLOBAL Buffers                                                       ; Off                ; Off                ;
; Ignore LCELL Buffers                                                            ; Off                ; Off                ;
; Ignore SOFT Buffers                                                             ; On                 ; On                 ;
; Limit AHDL Integers to 32 Bits                                                  ; Off                ; Off                ;
; Optimization Technique                                                          ; Balanced           ; Balanced           ;
; Carry Chain Length                                                              ; 70                 ; 70                 ;
; Auto Carry Chains                                                               ; On                 ; On                 ;
; Auto Open-Drain Pins                                                            ; On                 ; On                 ;
; Perform WYSIWYG Primitive Resynthesis                                           ; Off                ; Off                ;
; Auto ROM Replacement                                                            ; On                 ; On                 ;
; Auto RAM Replacement                                                            ; On                 ; On                 ;
; Auto DSP Block Replacement                                                      ; On                 ; On                 ;
; Auto Shift Register Replacement                                                 ; Auto               ; Auto               ;
; Allow Shift Register Merging across Hierarchies                                 ; Auto               ; Auto               ;
; Auto Clock Enable Replacement                                                   ; On                 ; On                 ;
; Strict RAM Replacement                                                          ; Off                ; Off                ;
; Allow Synchronous Control Signals                                               ; On                 ; On                 ;
; Force Use of Synchronous Clear Signals                                          ; Off                ; Off                ;
; Auto Resource Sharing                                                           ; Off                ; Off                ;
; Allow Any RAM Size For Recognition                                              ; Off                ; Off                ;
; Allow Any ROM Size For Recognition                                              ; Off                ; Off                ;
; Allow Any Shift Register Size For Recognition                                   ; Off                ; Off                ;
; Use LogicLock Constraints during Resource Balancing                             ; On                 ; On                 ;
; Ignore translate_off and synthesis_off directives                               ; Off                ; Off                ;
; Timing-Driven Synthesis                                                         ; On                 ; On                 ;
; Report Parameter Settings                                                       ; On                 ; On                 ;
; Report Source Assignments                                                       ; On                 ; On                 ;
; Report Connectivity Checks                                                      ; On                 ; On                 ;
; Ignore Maximum Fan-Out Assignments                                              ; Off                ; Off                ;
; Synchronization Register Chain Length                                           ; 3                  ; 3                  ;
; Power Optimization During Synthesis                                             ; Normal compilation ; Normal compilation ;
; HDL message level                                                               ; Level2             ; Level2             ;
; Suppress Register Optimization Related Messages                                 ; Off                ; Off                ;
; Number of Removed Registers Reported in Synthesis Report                        ; 5000               ; 5000               ;
; Number of Swept Nodes Reported in Synthesis Report                              ; 5000               ; 5000               ;
; Number of Inverted Registers Reported in Synthesis Report                       ; 100                ; 100                ;
; Clock MUX Protection                                                            ; On                 ; On                 ;
; Auto Gated Clock Conversion                                                     ; Off                ; Off                ;
; Block Design Naming                                                             ; Auto               ; Auto               ;
; SDC constraint protection                                                       ; Off                ; Off                ;
; Synthesis Effort                                                                ; Auto               ; Auto               ;
; Shift Register Replacement - Allow Asynchronous Clear Signal                    ; On                 ; On                 ;
; Pre-Mapping Resynthesis Optimization                                            ; Off                ; Off                ;
; Analysis & Synthesis Message Level                                              ; Medium             ; Medium             ;
; Disable Register Merging Across Hierarchies                                     ; Auto               ; Auto               ;
; Resource Aware Inference For Block RAM                                          ; On                 ; On                 ;
; Automatic Parallel Synthesis                                                    ; On                 ; On                 ;
; Partial Reconfiguration Bitstream ID                                            ; Off                ; Off                ;
+---------------------------------------------------------------------------------+--------------------+--------------------+


+----------------------------------------------------------------------------------------------------------------+
; Port Connectivity Checks: "datapath:dpUnit|mux2:srcbmux"                                                       ;
+------+--------+----------+-------------------------------------------------------------------------------------+
; Port ; Type   ; Severity ; Details                                                                             ;
+------+--------+----------+-------------------------------------------------------------------------------------+
; y    ; Output ; Info     ; Connected to dangling logic. Logic that only feeds a dangling port will be removed. ;
+------+--------+----------+-------------------------------------------------------------------------------------+


+----------------------------------------------------------------------------------------------------------------+
; Port Connectivity Checks: "datapath:dpUnit|regfile:rf"                                                         ;
+------+--------+----------+-------------------------------------------------------------------------------------+
; Port ; Type   ; Severity ; Details                                                                             ;
+------+--------+----------+-------------------------------------------------------------------------------------+
; rd1  ; Output ; Info     ; Connected to dangling logic. Logic that only feeds a dangling port will be removed. ;
+------+--------+----------+-------------------------------------------------------------------------------------+


+---------------------------------------------------------+
; Port Connectivity Checks: "datapath:dpUnit|mux2:ra1mux" ;
+------+-------+----------+-------------------------------+
; Port ; Type  ; Severity ; Details                       ;
+------+-------+----------+-------------------------------+
; d1   ; Input ; Info     ; Stuck at VCC                  ;
+------+-------+----------+-------------------------------+


+----------------------------------------------------------+
; Port Connectivity Checks: "datapath:dpUnit|adder:pcadd2" ;
+----------+-------+----------+----------------------------+
; Port     ; Type  ; Severity ; Details                    ;
+----------+-------+----------+----------------------------+
; b[31..3] ; Input ; Info     ; Stuck at GND               ;
; b[1..0]  ; Input ; Info     ; Stuck at GND               ;
; b[2]     ; Input ; Info     ; Stuck at VCC               ;
+----------+-------+----------+----------------------------+


+----------------------------------------------------------+
; Port Connectivity Checks: "datapath:dpUnit|adder:pcadd1" ;
+----------+-------+----------+----------------------------+
; Port     ; Type  ; Severity ; Details                    ;
+----------+-------+----------+----------------------------+
; b[31..3] ; Input ; Info     ; Stuck at GND               ;
; b[1..0]  ; Input ; Info     ; Stuck at GND               ;
; b[2]     ; Input ; Info     ; Stuck at VCC               ;
+----------+-------+----------+----------------------------+


+---------------------------------+
; Analysis & Elaboration Messages ;
+---------------------------------+
Info: *******************************************************************
Info: Running Quartus Prime Analysis & Elaboration
    Info: Version 22.1std.2 Build 922 07/20/2023 SC Lite Edition
    Info: Processing started: Wed Oct 30 20:30:45 2024
Info: Command: quartus_map --read_settings_files=on --write_settings_files=off ProcesadorFiltro -c ProcesadorFiltro --analysis_and_elaboration
Warning (18236): Number of processors has not been specified which may cause overloading on shared machines.  Set the global assignment NUM_PARALLEL_PROCESSORS in your QSF to an appropriate value for best performance.
Info (20030): Parallel compilation is enabled and will use 2 of the 2 processors detected
Info (12021): Found 1 design units, including 1 entities, in source file adder.sv
    Info (12023): Found entity 1: adder File: C:/Users/PC/Desktop/gvega_abagliano_jvarela_digital_design_lab_2024/Proyecto/adder.sv Line: 1
Info (12021): Found 1 design units, including 1 entities, in source file arm.sv
    Info (12023): Found entity 1: arm File: C:/Users/PC/Desktop/gvega_abagliano_jvarela_digital_design_lab_2024/Proyecto/arm.sv Line: 1
Info (12021): Found 1 design units, including 1 entities, in source file condlogic.sv
    Info (12023): Found entity 1: condlogic File: C:/Users/PC/Desktop/gvega_abagliano_jvarela_digital_design_lab_2024/Proyecto/condlogic.sv Line: 1
Info (12021): Found 1 design units, including 1 entities, in source file condcheck.sv
    Info (12023): Found entity 1: condcheck File: C:/Users/PC/Desktop/gvega_abagliano_jvarela_digital_design_lab_2024/Proyecto/condcheck.sv Line: 1
Info (12021): Found 1 design units, including 1 entities, in source file decoderp.sv
    Info (12023): Found entity 1: decoderP File: C:/Users/PC/Desktop/gvega_abagliano_jvarela_digital_design_lab_2024/Proyecto/decoderP.sv Line: 1
Info (12021): Found 1 design units, including 1 entities, in source file controller.sv
    Info (12023): Found entity 1: controller File: C:/Users/PC/Desktop/gvega_abagliano_jvarela_digital_design_lab_2024/Proyecto/controller.sv Line: 1
Info (12021): Found 1 design units, including 1 entities, in source file datapath.sv
    Info (12023): Found entity 1: datapath File: C:/Users/PC/Desktop/gvega_abagliano_jvarela_digital_design_lab_2024/Proyecto/datapath.sv Line: 1
Info (12021): Found 1 design units, including 1 entities, in source file extend.sv
    Info (12023): Found entity 1: extend File: C:/Users/PC/Desktop/gvega_abagliano_jvarela_digital_design_lab_2024/Proyecto/extend.sv Line: 1
Info (12021): Found 1 design units, including 1 entities, in source file flopenr.sv
    Info (12023): Found entity 1: flopenr File: C:/Users/PC/Desktop/gvega_abagliano_jvarela_digital_design_lab_2024/Proyecto/flopenr.sv Line: 1
Info (12021): Found 1 design units, including 1 entities, in source file flopr.sv
    Info (12023): Found entity 1: flopr File: C:/Users/PC/Desktop/gvega_abagliano_jvarela_digital_design_lab_2024/Proyecto/flopr.sv Line: 1
Info (12021): Found 1 design units, including 1 entities, in source file mux2.sv
    Info (12023): Found entity 1: mux2 File: C:/Users/PC/Desktop/gvega_abagliano_jvarela_digital_design_lab_2024/Proyecto/mux2.sv Line: 1
Info (12021): Found 1 design units, including 1 entities, in source file mux_1.sv
    Info (12023): Found entity 1: mux_1 File: C:/Users/PC/Desktop/gvega_abagliano_jvarela_digital_design_lab_2024/Proyecto/mux_1.sv Line: 1
Info (12021): Found 1 design units, including 1 entities, in source file regfile.sv
    Info (12023): Found entity 1: regfile File: C:/Users/PC/Desktop/gvega_abagliano_jvarela_digital_design_lab_2024/Proyecto/regfile.sv Line: 1
Info (12127): Elaborating entity "arm" for the top level hierarchy
Info (12128): Elaborating entity "controller" for hierarchy "controller:controlUnit" File: C:/Users/PC/Desktop/gvega_abagliano_jvarela_digital_design_lab_2024/Proyecto/arm.sv Line: 22
Info (12128): Elaborating entity "decoderP" for hierarchy "controller:controlUnit|decoderP:dec" File: C:/Users/PC/Desktop/gvega_abagliano_jvarela_digital_design_lab_2024/Proyecto/controller.sv Line: 15
Info (12128): Elaborating entity "condlogic" for hierarchy "controller:controlUnit|condlogic:cl" File: C:/Users/PC/Desktop/gvega_abagliano_jvarela_digital_design_lab_2024/Proyecto/controller.sv Line: 18
Info (12128): Elaborating entity "flopenr" for hierarchy "controller:controlUnit|condlogic:cl|flopenr:flagreg1" File: C:/Users/PC/Desktop/gvega_abagliano_jvarela_digital_design_lab_2024/Proyecto/condlogic.sv Line: 14
Info (12128): Elaborating entity "condcheck" for hierarchy "controller:controlUnit|condlogic:cl|condcheck:cc" File: C:/Users/PC/Desktop/gvega_abagliano_jvarela_digital_design_lab_2024/Proyecto/condlogic.sv Line: 20
Info (12128): Elaborating entity "datapath" for hierarchy "datapath:dpUnit" File: C:/Users/PC/Desktop/gvega_abagliano_jvarela_digital_design_lab_2024/Proyecto/arm.sv Line: 31
Warning (10034): Output port "ALUFlags" at datapath.sv(9) has no driver File: C:/Users/PC/Desktop/gvega_abagliano_jvarela_digital_design_lab_2024/Proyecto/datapath.sv Line: 9
Info (12128): Elaborating entity "mux2" for hierarchy "datapath:dpUnit|mux2:pcmux" File: C:/Users/PC/Desktop/gvega_abagliano_jvarela_digital_design_lab_2024/Proyecto/datapath.sv Line: 20
Info (12128): Elaborating entity "flopr" for hierarchy "datapath:dpUnit|flopr:pcreg" File: C:/Users/PC/Desktop/gvega_abagliano_jvarela_digital_design_lab_2024/Proyecto/datapath.sv Line: 21
Info (12128): Elaborating entity "adder" for hierarchy "datapath:dpUnit|adder:pcadd1" File: C:/Users/PC/Desktop/gvega_abagliano_jvarela_digital_design_lab_2024/Proyecto/datapath.sv Line: 22
Info (12128): Elaborating entity "mux2" for hierarchy "datapath:dpUnit|mux2:ra1mux" File: C:/Users/PC/Desktop/gvega_abagliano_jvarela_digital_design_lab_2024/Proyecto/datapath.sv Line: 26
Info (12128): Elaborating entity "regfile" for hierarchy "datapath:dpUnit|regfile:rf" File: C:/Users/PC/Desktop/gvega_abagliano_jvarela_digital_design_lab_2024/Proyecto/datapath.sv Line: 31
Info (12128): Elaborating entity "extend" for hierarchy "datapath:dpUnit|extend:ext" File: C:/Users/PC/Desktop/gvega_abagliano_jvarela_digital_design_lab_2024/Proyecto/datapath.sv Line: 35
Info (144001): Generated suppressed messages file C:/Users/PC/Desktop/gvega_abagliano_jvarela_digital_design_lab_2024/Proyecto/output_files/ProcesadorFiltro.map.smsg
Info: Quartus Prime Analysis & Elaboration was successful. 0 errors, 2 warnings
    Info: Peak virtual memory: 4796 megabytes
    Info: Processing ended: Wed Oct 30 20:30:56 2024
    Info: Elapsed time: 00:00:11
    Info: Total CPU time (on all processors): 00:00:27


+--------------------------------------------+
; Analysis & Elaboration Suppressed Messages ;
+--------------------------------------------+
The suppressed messages can be found in C:/Users/PC/Desktop/gvega_abagliano_jvarela_digital_design_lab_2024/Proyecto/output_files/ProcesadorFiltro.map.smsg.


